200
1 2973 50 2954 50 3003 50 2943 50 2876 50 2955 50 2881 50 2874 50 2970 50 2956 50 3103 22
2 4516 50 4625 50 4553 50 4536 50 4557 39
3 4454 50 4338 50 4305 50 4465 50 4374 31
4 2973 50 2954 50 3003 50 4516 50 2943 50 2876 50 2955 50 4553 50 2881 50 2874 50 4536 50 2970 50 2956 50 4557 50 3103 50 3104 50 2983 50 3078 50 3030 50 2962 50 4454 50 2964 50 2883 50 4479 50 2910 50 4519 50 4577 50 2891 50 3070 50 3164 50 4574 50 4525 50 2993 50 3020 50 2966 50 4508 50 4600 50 4618 50 4503 50 2858 50 4338 50 3170 50 2787 50 4572 50 4483 41
5 2973 50 2954 50 3003 50 2943 50 2876 50 2955 50 2881 50 2874 50 2970 50 2956 50 3103 50 3104 50 2983 50 3078 50 3030 50 2962 50 2964 50 2883 50 2910 50 2891 50 3070 50 3164 50 2993 50 3020 50 2966 50 2858 50 3170 50 2787 50 2947 50 2982 50 2859 50 3140 50 2873 50 2852 50 3231 50 2960 50 3085 6
6 4338 50 4305 50 4335 50 4326 50 4293 50 4294 50 4228 32
7 2973 50 2954 50 3003 50 2943 50 2876 50 2955 50 2881 50 2874 50 2970 50 2956 50 3103 50 3104 50 2983 50 3078 50 3030 50 2962 50 2964 50 2883 50 2910 50 2891 50 3070 11
8 4228 50 4270 50 4152 50 4240 50 4017 16
9 4625 50 4641 50 4665 32
10 4516 50 4625 50 4553 50 4536 50 4557 50 4641 50 4454 50 4479 50 4519 27
11 4516 50 4625 50 4553 50 4536 36
12 4516 50 4625 50 4553 50 4536 50 4557 50 4641 50 4454 50 4479 50 4519 50 4577 50 4665 50 4697 50 4574 50 4525 50 4508 50 4600 50 4618 50 4503 50 4338 50 4572 14
13 2973 50 2954 50 3003 50 4516 50 2943 50 2876 50 2955 50 4625 50 4553 50 2881 50 2874 50 4536 50 2970 50 2956 50 4557 50 3103 50 3104 50 2983 50 3078 50 4641 50 3030 50 2962 50 4454 50 2964 50 2883 50 4479 50 2910 50 4519 50 4577 50 2891 50 4665 50 3070 50 4697 50 3164 50 4574 50 4525 50 2993 50 3020 50 2966 50 4508 50 4600 50 4618 50 4503 50 2858 50 4338 50 3170 50 2787 50 4572 50 4483 50 4609 50 4527 50 2947 50 2982 50 4537 50 4305 50 2859 50 3140 50 4576 50 2873 50 4635 50 4465 50 2852 50 3231 50 2960 50 4639 44
14 4516 50 4625 50 4553 50 4536 50 4557 50 4641 42
15 4516 50 4625 50 4553 50 4536 50 4557 50 4641 50 4454 50 4479 50 4519 50 4577 50 4665 12
16 1171 50 1107 50 1297 50 1364 50 1186 50 1282 50 1245 50 1221 50 1041 50 1193 50 1342 50 995 50 1163 50 1075 50 1326 50 1271 50 1115 50 1330 50 1287 43
17 4625 50 4641 50 4577 50 4665 18
18 2973 50 2954 50 3003 50 4516 50 2943 50 2876 50 2955 50 4625 50 4553 50 2881 50 2874 50 4536 50 2970 50 2956 50 4557 50 3103 50 3104 50 2983 50 3078 50 4641 50 3030 50 2962 50 4454 11
19 4152 50 4017 50 4183 50 4091 12
20 2973 50 2954 50 3003 50 2943 50 2876 50 2955 50 2881 50 2874 50 2970 50 2956 50 3103 50 3104 50 2983 50 3078 50 3030 50 2962 50 2964 50 2883 50 2910 50 2891 50 3070 50 3164 50 2993 50 3020 50 2966 50 2858 50 3170 50 2787 50 2947 50 2982 50 2859 50 3140 50 2873 50 2852 50 3231 50 2960 50 3085 50 2830 50 2997 45
21 4516 19
22 2973 50 2954 50 3003 50 4516 50 2943 50 2876 50 2955 50 4625 50 4553 50 2881 50 2874 50 4536 50 2970 50 2956 50 4557 50 3103 50 3104 50 2983 50 3078 50 4641 50 3030 50 2962 50 4454 23
23 4516 50 4625 50 4553 50 4536 50 4557 50 4641 50 4454 50 4479 50 4519 50 4577 50 4665 50 4697 50 4574 35
24 2973 50 2954 50 3003 50 4516 50 2943 50 2876 50 2955 50 4625 50 4553 50 2881 50 2874 50 4536 50 2970 50 2956 50 4557 50 3103 50 3104 50 2983 50 3078 50 4641 50 3030 50 2962 50 4454 50 2964 50 2883 50 4479 50 2910 50 4519 50 4577 50 2891 50 4665 50 3070 50 4697 50 3164 50 4574 50 4525 50 2993 50 3020 50 2966 50 4508 50 4600 50 4618 50 4503 50 2858 50 4338 50 3170 50 2787 50 4572 50 4483 50 4609 50 4527 50 2947 50 2982 50 4537 50 4305 50 2859 50 3140 50 4576 50 2873 50 4635 50 4465 50 2852 50 3231 50 2960 50 4639 50 3085 50 4512 50 2830 50 2997 50 3120 50 4711 50 2936 50 2924 50 2853 50 3124 50 4570 50 4374 50 4335 16
25 2973 50 2954 50 3003 50 2943 50 2876 50 2955 50 2881 50 2874 50 2970 50 2956 50 3103 50 3104 50 2983 50 3078 50 3030 50 2962 50 2964 50 2883 50 2910 50 2891 50 3070 50 3164 50 2993 50 3020 50 2966 50 2858 50 3170 50 2787 50 2947 50 2982 50 2859 50 3140 26
26 2973 50 2954 50 3003 50 2943 50 2876 50 2955 50 2881 50 2874 50 2970 50 2956 50 3103 50 3104 50 2983 50 3078 50 3030 50 2962 50 2964 50 2883 50 2910 50 2891 50 3070 50 2993 50 3020 50 2966 50 2858 50 2787 50 2947 50 2982 50 2859 50 2873 50 2852 50 2960 50 3085 50 2830 50 2997 50 3120 50 2936 50 2924 50 2853 50 3124 50 3071 50 2975 50 2935 50 2932 50 3016 50 3111 50 2867 50 2930 50 3106 50 3076 50 2808 50 2813 43
27 1171 50 1107 50 1297 50 1364 50 1186 50 1282 50 1245 50 1221 50 1041 50 1193 50 1342 50 995 50 1163 50 1075 50 365 50 1326 50 1271 50 1115 50 1330 50 1287 50 1025 50 1294 50 292 50 1462 50
28 2973 50 2954 50 3003 50 2943 50 2876 50 2955 11
29 4625 50 4641 50 4665 35
30 2973 50 2954 50 3003 50 2943 50 2876 50 2955 50 2881 50 2874 50 2970 50 2956 50 3103 50 3104 50 2983 50 3078 50 3030 50 2962 50 2964 50 2883 50 2910 50 2891 50 3070 50 3164 50 2993 50 3020 8
31 365 50 395 50 339 50 459 50 397 50 544 50 340 50 327 50 378 50 359 50 344 50 475 10
32 4516 50 4625 50 4553 50 4536 50 4557 50 4641 50 4454 50 4479 50 4519 50 4577 50 4665 50 4697 50 4574 50 4525 50 4508 50 4600 50 4618 50 4503 50 4338 50 4572 50 4483 50 4609 50 4527 50 4537 50 4305 50 4576 50 4635 25
33 2973 50 2954 50 3003 50 4516 50 2943 50 2876 50 2955 50 4553 50 2881 50 2874 50 4536 50 2970 50 2956 50 4557 50 3103 50 3104 50 2983 50 3078 50 3030 50 2962 50 4454 50 2964 50 2883 50 4479 50 2910 50 4519 50 4577 50 2891 50 3070 50 3164 50 4574 50 4525 50 2993 50 3020 50 2966 50 4508 50 4503 50 2858 50 4338 50 3170 50 2787 50 4572 50 4483 50 4527 50 2947 50 2982 50 4537 50 4305 50 2859 50 3140 50 4576 1
34 2973 50 2954 50 3003 50 4516 50 2943 50 2876 50 2955 50 4553 50 2881 50 2874 50 4536 50 2970 50 2956 50 4557 50 3103 50 3104 50 2983 50 3078 50 3030 50 2962 50 4454 50 2964 50 2883 50 4479 50 2910 50 4519 50 4577 50 2891 50 3070 50 3164 50 4574 50 4525 50 2993 50 3020 50 2966 50 4508 50 4503 50 2858 34
35 2973 50 2954 50 3003 50 4516 50 2943 50 2876 50 2955 50 4625 50 4553 50 2881 50 2874 17
36 2973 50 2954 50 3003 50 4516 50 2943 50 2876 50 2955 50 4625 50 4553 50 2881 50 2874 50 4536 50 2970 50 2956 50 4557 50 3103 50 3104 50 2983 50 3078 50 4641 50 3030 50 2962 50 4454 50 2964 50 2883 50 4479 31
37 4516 50 4625 50 4553 50 4536 50 4557 50 4641 50 4454 50 4479 50 4519 50 4577 50 4665 50 4697 50 4574 50 4525 50 4508 50 4600 50 4618 50 4503 50 4338 50 4572 50 4483 50 4609 9
38 2973 50 2954 50 3003 50 2943 50 2876 50 2955 50 2881 50 2874 50 2970 50 2956 50 3103 50 3104 50 2983 50 3078 50 3030 50 2962 50 2964 50 2883 50 2910 50 2891 50 3070 50 3164 50 2993 50 3020 50 2966 50 2858 50 3170 50 2787 50 2947 50 2982 50 2859 50 3140 50 2873 50 2852 50 3231 50 2960 50 3085 50 2830 50 2997 50 3120 50 2936 50 2924 50 2853 50 3124 50 3071 50 2975 50 2935 50 2932 50 3016 50 3177 50 3111 50 2867 50 2930 50 3106 50 3076 50 2808 50 2813 50 3127 16
39 2973 50 2954 50 3003 50 2943 50 2876 50 2955 50 2881 50 2874 50 2970 50 2956 50 3103 50 3104 50 2983 50 3078 50 3030 50 2962 50 2964 50 2883 50 2910 50 2891 50 3070 50 3164 50 2993 50 3020 50 2966 50 2858 50 3170 50 2787 50 2947 50 2982 50 2859 41
40 2973 50 2954 50 3003 50 2943 50 2876 50 2955 50 2881 50 2874 50 2970 50 2956 50 3103 50 3104 50 2983 50 3078 50 3030 50 2962 50 2964 50 2883 50 2910 50 2891 50 3070 50 3164 50 2993 50 3020 50 2966 50 2858 50 4338 50 3170 50 2787 50 2947 50 2982 50 4305 50 2859 50 3140 50 2873 50 2852 50 3231 50 2960 50 3085 50 2830 50 2997 50 3120 50 2936 50 2924 50 2853 50 3124 50 4335 50 3071 50 2975 50 2935 50 2932 50 3016 50 3177 50 3111 50 2867 50 2930 50 3106 50 3076 50 2808 50 2813 50 3127 50 2871 50 2878 38
41 2973 10
42 2973 10
43 2973 10
44 2973 10
45 2973 10
46 2973 10
47 1171 10
48 2973 10
49 2973 10
50 2973 10
51 1171 10
52 2973 10
53 1171 10
54 2973 10
55 2973 10
56 2954 10
57 15 10
58 2973 10
59 1171 10
60 2973 10
61 2973 10
62 2973 10
63 2973 10
64 2973 10
65 2973 10
66 2973 10
67 220 10
68 2973 10
69 2973 10
70 2721 10
71 2973 10
72 2876 10
73 2973 10
74 1171 10
75 1171 10
76 2973 10
77 2973 10
78 2973 10
79 2973 10
80 2973 10
81 144 10
82 2721 10
83 2973 10
84 2973 10
85 2973 10
86 2973 10
87 2973 10
88 2973 10
89 2973 10
90 2876 10
91 251 10
92 168 10
93 2973 10
94 2973 10
95 2973 10
96 2973 10
97 2973 10
98 2787 10
99 2973 10
100 2973 10
101 1171 10
102 2973 10
103 1171 10
104 1171 10
105 2787 10
106 2973 10
107 2699 10
108 2973 10
109 2973 10
110 2973 10
111 2973 10
112 15 10
113 2973 10
114 2973 10
115 2973 10
116 2973 10
117 2943 10
118 2973 10
119 2973 10
120 2973 10
121 2973 10
122 144 10
123 1171 10
124 2973 10
125 2787 10
126 2973 10
127 2973 10
128 2973 10
129 2973 10
130 2973 10
131 2973 10
132 220 10
133 2973 10
134 2973 10
135 2973 10
136 2973 10
137 15 10
138 1171 10
139 2973 10
140 2973 10
141 2973 10
142 2973 10
143 2973 10
144 2973 10
145 2973 10
146 2973 10
147 2973 10
148 2973 10
149 2973 10
150 2973 10
151 2973 10
152 2973 10
153 2973 10
154 168 10
155 1171 10
156 2973 10
157 144 10
158 2973 10
159 220 10
160 2973 10
161 2973 10
162 2721 10
163 2973 10
164 2973 10
165 2973 10
166 2973 10
167 1171 10
168 65 10
169 2973 10
170 2973 10
171 2973 10
172 2973 10
173 251 10
174 2973 10
175 2973 10
176 2973 10
177 2973 10
178 2973 10
179 2973 10
180 2973 10
181 1171 10
182 1171 10
183 1171 10
184 76 10
185 2973 10
186 1171 10
187 2576 10
188 2973 10
189 2973 10
190 1171 10
191 65 10
192 2973 10
193 2973 10
194 2973 10
195 144 10
196 2973 10
197 2973 10
198 2973 10
199 45 10
200 15 10
