80
1 278 50 293 47
2 796 50 804 50 825 40
3 278 50 293 50 248 34
4 733 50 728 11
5 17 50 12 32
6 674 50 666 50 633 50 661 50 676 50 673 50 652 50 670 5
7 753 8
8 697 50 674 50 693 50 706 50 679 50 688 50 666 50 633 50 708 50 699 50 682 38
9 706 50 708 50 709 50 703 27
10 992 5
11 697 7
12 633 50 635 29
13 588 50 586 50 594 50 578 50 580 4
14 981 23
15 796 50 804 4
16 697 50 693 26
17 278 50 293 50 248 50 322 50 244 50 282 18
18 697 50 674 50 693 50 706 50 679 31
19 697 50 674 50 693 50 706 50 679 50 688 50 666 50 633 50 708 17
20 825 50 816 50 824 16
21 697 50 674 47
22 981 50 983 41
23 981 50 983 5
24 697 50 674 50 693 50 706 22
25 962 31
26 633 50 652 50 635 50 623 50 650 50 655 50 653 13
27 697 50 674 50 693 50 706 11
28 733 48
29 697 13
30 697 50 674 50 693 50 706 50 679 50 688 34
31 992 9
32 697 50 674 44
33 951 5
34 983 6
35 697 50 674 50 693 50 706 15
36 697 13
37 697 50 674 26
38 697 40
39 981 50 962 11
40 666 50 633 50 661 50 652 50 670 50 635 44
41 697 50 674 50 693 50 706 50 679 50 688 50 666 50 633 50 708 50 699 50 682 50 709 50 703 16
42 697 50 674 50 693 31
43 981 3
44 633 50 661 50 652 50 635 50 623 50 650 3
45 697 50 674 50 693 50 706 29
46 697 50 674 50 693 50 706 50 679 50 688 50 666 50 633 50 708 50 699 50 682 50 709 50 703 9
47 697 50 674 50 693 50 706 50 679 50 688 50 666 50 633 50 708 50 699 42
48 697 50 674 50 693 50 706 50 679 50 688 50 666 35
49 278 50 293 50 248 50 322 50 531 50 244 50 506 27
50 962 20
51 697 50 674 50 693 50 706 50 679 50 688 50 666 50 633 50 708 50 699 50 682 50 709 28
52 733 50 713 50 728 50 722 10
53 697 50 674 50 693 50 706 50 679 50 688 5
54 697 50 674 50 693 50 706 50 679 50 688 50 666 50 633 50 708 18
55 697 50 674 50 693 50 706 50 679 22
56 697 50 674 46
57 697 50 674 50 693 50 706 50 679 50 688 2
58 559 50 555 50 531 50 557 50 506 11
59 706 50 708 19
60 588 50 586 12
61 697 50 674 42
62 697 50 674 50 693 24
63 697 23
64 706 50 708 50 709 46
65 860 42
66 697 34
67 34 50 28 19
68 697 50 674 2
69 623 50 621 36
70 697 13
71 223 39
72 697 50 674 50 693 50 706 50 679 50 688 50 666 50 633 13
73 55 50 278 50 63 50 48 24
74 825 24
75 697 50 674 50 693 50 706 50 679 50 688 50 666 50 633 50 708 50 699 50 682 50 709 32
76 697 50 674 50 693 50 706 50 679 50 688 29
77 697 50 674 50 693 50 706 50 679 50 688 50 666 35
78 697 50 674 50 693 50 706 50 679 50 688 48
79 697 50 674 50 693 50 706 50 679 50 688 50 666 50 633 50 708 8
80 860 50 835 3
